[0.650s] Invoking command in '/home/youssef/ros2_shapes_project/src/turtle_shapes': PYTHONPATH=/home/youssef/ros2_shapes_project/build/turtle_shapes/prefix_override:/usr/lib/python3/dist-packages/colcon_core/task/python/colcon_distutils_commands:/home/youssef/ros2_shapes_project/install/turtle_shapes/lib/python3.10/site-packages:${PYTHONPATH} /usr/bin/python3 -W ignore:setup.py install is deprecated -W ignore:easy_install command is deprecated setup.py egg_info --egg-base ../../build/turtle_shapes build --build-base /home/youssef/ros2_shapes_project/build/turtle_shapes/build install --record /home/youssef/ros2_shapes_project/build/turtle_shapes/install.log --single-version-externally-managed install_data
[0.800s] running egg_info
[0.800s] creating ../../build/turtle_shapes/turtle_shapes.egg-info
[0.801s] writing ../../build/turtle_shapes/turtle_shapes.egg-info/PKG-INFO
[0.801s] writing dependency_links to ../../build/turtle_shapes/turtle_shapes.egg-info/dependency_links.txt
[0.801s] writing entry points to ../../build/turtle_shapes/turtle_shapes.egg-info/entry_points.txt
[0.801s] writing requirements to ../../build/turtle_shapes/turtle_shapes.egg-info/requires.txt
[0.801s] writing top-level names to ../../build/turtle_shapes/turtle_shapes.egg-info/top_level.txt
[0.801s] writing manifest file '../../build/turtle_shapes/turtle_shapes.egg-info/SOURCES.txt'
[0.802s] reading manifest file '../../build/turtle_shapes/turtle_shapes.egg-info/SOURCES.txt'
[0.803s] writing manifest file '../../build/turtle_shapes/turtle_shapes.egg-info/SOURCES.txt'
[0.803s] running build
[0.803s] running build_py
[0.803s] creating /home/youssef/ros2_shapes_project/build/turtle_shapes/build
[0.803s] creating /home/youssef/ros2_shapes_project/build/turtle_shapes/build/lib
[0.803s] creating /home/youssef/ros2_shapes_project/build/turtle_shapes/build/lib/turtle_shapes
[0.804s] copying turtle_shapes/__init__.py -> /home/youssef/ros2_shapes_project/build/turtle_shapes/build/lib/turtle_shapes
[0.804s] copying turtle_shapes/shapeNode.py -> /home/youssef/ros2_shapes_project/build/turtle_shapes/build/lib/turtle_shapes
[0.804s] running install
[0.804s] running install_lib
[0.805s] creating /home/youssef/ros2_shapes_project/install/turtle_shapes/lib/python3.10/site-packages/turtle_shapes
[0.805s] copying /home/youssef/ros2_shapes_project/build/turtle_shapes/build/lib/turtle_shapes/__init__.py -> /home/youssef/ros2_shapes_project/install/turtle_shapes/lib/python3.10/site-packages/turtle_shapes
[0.805s] copying /home/youssef/ros2_shapes_project/build/turtle_shapes/build/lib/turtle_shapes/shapeNode.py -> /home/youssef/ros2_shapes_project/install/turtle_shapes/lib/python3.10/site-packages/turtle_shapes
[0.805s] byte-compiling /home/youssef/ros2_shapes_project/install/turtle_shapes/lib/python3.10/site-packages/turtle_shapes/__init__.py to __init__.cpython-310.pyc
[0.805s] byte-compiling /home/youssef/ros2_shapes_project/install/turtle_shapes/lib/python3.10/site-packages/turtle_shapes/shapeNode.py to shapeNode.cpython-310.pyc
[0.806s] running install_data
[0.806s] creating /home/youssef/ros2_shapes_project/install/turtle_shapes/share/ament_index
[0.806s] creating /home/youssef/ros2_shapes_project/install/turtle_shapes/share/ament_index/resource_index
[0.806s] creating /home/youssef/ros2_shapes_project/install/turtle_shapes/share/ament_index/resource_index/packages
[0.806s] copying resource/turtle_shapes -> /home/youssef/ros2_shapes_project/install/turtle_shapes/share/ament_index/resource_index/packages
[0.806s] copying package.xml -> /home/youssef/ros2_shapes_project/install/turtle_shapes/share/turtle_shapes
[0.806s] running install_egg_info
[0.808s] Copying ../../build/turtle_shapes/turtle_shapes.egg-info to /home/youssef/ros2_shapes_project/install/turtle_shapes/lib/python3.10/site-packages/turtle_shapes-0.0.0-py3.10.egg-info
[0.808s] running install_scripts
[0.823s] Installing shape_node script to /home/youssef/ros2_shapes_project/install/turtle_shapes/lib/turtle_shapes
[0.823s] writing list of installed files to '/home/youssef/ros2_shapes_project/build/turtle_shapes/install.log'
[0.838s] Invoked command in '/home/youssef/ros2_shapes_project/src/turtle_shapes' returned '0': PYTHONPATH=/home/youssef/ros2_shapes_project/build/turtle_shapes/prefix_override:/usr/lib/python3/dist-packages/colcon_core/task/python/colcon_distutils_commands:/home/youssef/ros2_shapes_project/install/turtle_shapes/lib/python3.10/site-packages:${PYTHONPATH} /usr/bin/python3 -W ignore:setup.py install is deprecated -W ignore:easy_install command is deprecated setup.py egg_info --egg-base ../../build/turtle_shapes build --build-base /home/youssef/ros2_shapes_project/build/turtle_shapes/build install --record /home/youssef/ros2_shapes_project/build/turtle_shapes/install.log --single-version-externally-managed install_data
