[0.449s] Invoking command in '/home/youssef/ros2_shapes_project/build/turtle_shapes': PYTHONPATH=/home/youssef/ros2_shapes_project/build/turtle_shapes/prefix_override:/usr/lib/python3/dist-packages/colcon_core/task/python/colcon_distutils_commands:/home/youssef/ros2_shapes_project/install/turtle_shapes/lib/python3.10/site-packages:${PYTHONPATH} /usr/bin/python3 -W ignore:setup.py install is deprecated -W ignore:easy_install command is deprecated setup.py develop --editable --build-directory /home/youssef/ros2_shapes_project/build/turtle_shapes/build --no-deps symlink_data --force
[0.628s] running develop
[0.726s] running egg_info
[0.727s] writing turtle_shapes.egg-info/PKG-INFO
[0.727s] writing dependency_links to turtle_shapes.egg-info/dependency_links.txt
[0.727s] writing entry points to turtle_shapes.egg-info/entry_points.txt
[0.727s] writing requirements to turtle_shapes.egg-info/requires.txt
[0.727s] writing top-level names to turtle_shapes.egg-info/top_level.txt
[0.729s] reading manifest file 'turtle_shapes.egg-info/SOURCES.txt'
[0.729s] writing manifest file 'turtle_shapes.egg-info/SOURCES.txt'
[0.730s] running build_ext
[0.731s] Creating /home/youssef/ros2_shapes_project/install/turtle_shapes/lib/python3.10/site-packages/turtle-shapes.egg-link (link to .)
[0.731s] Installing shape_node script to /home/youssef/ros2_shapes_project/install/turtle_shapes/lib/turtle_shapes
[0.731s] Installing turtle_commander script to /home/youssef/ros2_shapes_project/install/turtle_shapes/lib/turtle_shapes
[0.731s] 
[0.731s] Installed /home/youssef/ros2_shapes_project/build/turtle_shapes
[0.732s] running symlink_data
[0.732s] symbolically linking /home/youssef/ros2_shapes_project/build/turtle_shapes/resource/turtle_shapes -> /home/youssef/ros2_shapes_project/install/turtle_shapes/share/ament_index/resource_index/packages
[0.732s] symbolically linking /home/youssef/ros2_shapes_project/build/turtle_shapes/package.xml -> /home/youssef/ros2_shapes_project/install/turtle_shapes/share/turtle_shapes
[0.749s] Invoked command in '/home/youssef/ros2_shapes_project/build/turtle_shapes' returned '0': PYTHONPATH=/home/youssef/ros2_shapes_project/build/turtle_shapes/prefix_override:/usr/lib/python3/dist-packages/colcon_core/task/python/colcon_distutils_commands:/home/youssef/ros2_shapes_project/install/turtle_shapes/lib/python3.10/site-packages:${PYTHONPATH} /usr/bin/python3 -W ignore:setup.py install is deprecated -W ignore:easy_install command is deprecated setup.py develop --editable --build-directory /home/youssef/ros2_shapes_project/build/turtle_shapes/build --no-deps symlink_data --force
